<?xml version="1.0" encoding="UTF-8"?>
<testsuite name="org.apache.activemq.store.kahadb.JournalArchiveTest" time="12.2" tests="2" errors="1" skipped="0" failures="1">
  <properties>
[...]
</properties>
  <testcase name="testRecoveryOnArchiveFailure" classname="org.apache.activemq.store.kahadb.JournalArchiveTest" time="6.095">
    <failure message="Failed to restart after failure to archive" type="java.lang.AssertionError">java.lang.AssertionError: Failed to restart after failure to archive
	at org.junit.Assert.fail(Assert.java:88)
	at org.apache.activemq.store.kahadb.JournalArchiveTest.testRecoveryOnArchiveFailure(JournalArchiveTest.java:168)
</failure>
    <system-out><![CDATA[2019-07-27 13:50:06,596 [main           ] - INFO  JournalArchiveTest             - Starting broker..
2019-07-27 13:50:06,846 [main           ] - INFO  BrokerService                  - Using Persistence Adapter: KahaDBPersistenceAdapter[F:\work\private\activemq-parent-5.15.9\activemq-kahadb-store\target\activemq-data\localhost\KahaDB]
2019-07-27 13:50:06,866 [JMX connector  ] - INFO  ManagementContext              - JMX consoles can connect to service:jmx:rmi:///jndi/rmi://localhost:1099/jmxrmi
2019-07-27 13:50:06,956 [main           ] - INFO  MessageDatabase                - Persistence store purged.
2019-07-27 13:50:07,820 [main           ] - INFO  PListStoreImpl                 - PListStore:[F:\work\private\activemq-parent-5.15.9\activemq-kahadb-store\target\activemq-data\localhost\tmp_storage] started
2019-07-27 13:50:08,131 [main           ] - INFO  BrokerService                  - Apache ActiveMQ 5.15.9 (localhost, ID:PC201812101620-50069-1564206607870-0:1) is starting
2019-07-27 13:50:08,161 [main           ] - INFO  BrokerService                  - Apache ActiveMQ 5.15.9 (localhost, ID:PC201812101620-50069-1564206607870-0:1) started
2019-07-27 13:50:08,161 [main           ] - INFO  BrokerService                  - For help or more information please see: http://activemq.apache.org
2019-07-27 13:50:08,331 [main           ] - INFO  TransportConnector             - Connector vm://localhost started
2019-07-27 13:50:10,878 [main           ] - INFO  TransportConnector             - Connector vm://localhost stopped
2019-07-27 13:50:10,878 [main           ] - INFO  JournalArchiveTest             - Num journal files: 7
2019-07-27 13:50:10,888 [main           ] - INFO  TransportConnector             - Connector vm://localhost started
2019-07-27 13:50:11,069 [main           ] - INFO  TransportConnector             - Connector vm://localhost stopped
2019-07-27 13:50:11,740 [eckpoint Worker] - ERROR MessageDatabase                - Checkpoint failed
java.lang.SecurityException: No Perms to write to archive times:5
	at org.apache.activemq.store.kahadb.JournalArchiveTest$1.checkWrite(JournalArchiveTest.java:128)
	at java.io.File.renameTo(File.java:1389)
	at org.apache.activemq.util.IOHelper.moveFile(IOHelper.java:191)
	at org.apache.activemq.store.kahadb.disk.journal.DataFile.move(DataFile.java:107)
	at org.apache.activemq.store.kahadb.disk.journal.Journal.forceRemoveDataFile(Journal.java:830)
	at org.apache.activemq.store.kahadb.disk.journal.Journal.removeDataFiles(Journal.java:809)
	at org.apache.activemq.store.kahadb.MessageDatabase.checkpointUpdate(MessageDatabase.java:1751)
	at org.apache.activemq.store.kahadb.MessageDatabase.checkpointCleanup(MessageDatabase.java:1085)
	at org.apache.activemq.store.kahadb.MessageDatabase$CheckpointRunner.run(MessageDatabase.java:438)
	at java.util.concurrent.Executors$RunnableAdapter.call(Executors.java:511)
	at java.util.concurrent.FutureTask.runAndReset(FutureTask.java:308)
	at java.util.concurrent.ScheduledThreadPoolExecutor$ScheduledFutureTask.access$301(ScheduledThreadPoolExecutor.java:180)
	at java.util.concurrent.ScheduledThreadPoolExecutor$ScheduledFutureTask.run(ScheduledThreadPoolExecutor.java:294)
	at java.util.concurrent.ThreadPoolExecutor.runWorker(ThreadPoolExecutor.java:1149)
	at java.util.concurrent.ThreadPoolExecutor$Worker.run(ThreadPoolExecutor.java:624)
	at java.lang.Thread.run(Thread.java:748)
2019-07-27 13:50:11,760 [eckpoint Worker] - INFO  DefaultIOExceptionHandler      - Stopping BrokerService[localhost] due to exception, java.io.IOException: No Perms to write to archive times:5
java.io.IOException: No Perms to write to archive times:5
	at org.apache.activemq.util.IOExceptionSupport.create(IOExceptionSupport.java:40)
	at org.apache.activemq.store.kahadb.MessageDatabase$CheckpointRunner.run(MessageDatabase.java:451)
	at java.util.concurrent.Executors$RunnableAdapter.call(Executors.java:511)
	at java.util.concurrent.FutureTask.runAndReset(FutureTask.java:308)
	at java.util.concurrent.ScheduledThreadPoolExecutor$ScheduledFutureTask.access$301(ScheduledThreadPoolExecutor.java:180)
	at java.util.concurrent.ScheduledThreadPoolExecutor$ScheduledFutureTask.run(ScheduledThreadPoolExecutor.java:294)
	at java.util.concurrent.ThreadPoolExecutor.runWorker(ThreadPoolExecutor.java:1149)
	at java.util.concurrent.ThreadPoolExecutor$Worker.run(ThreadPoolExecutor.java:624)
	at java.lang.Thread.run(Thread.java:748)
Caused by: java.lang.SecurityException: No Perms to write to archive times:5
	at org.apache.activemq.store.kahadb.JournalArchiveTest$1.checkWrite(JournalArchiveTest.java:128)
	at java.io.File.renameTo(File.java:1389)
	at org.apache.activemq.util.IOHelper.moveFile(IOHelper.java:191)
	at org.apache.activemq.store.kahadb.disk.journal.DataFile.move(DataFile.java:107)
	at org.apache.activemq.store.kahadb.disk.journal.Journal.forceRemoveDataFile(Journal.java:830)
	at org.apache.activemq.store.kahadb.disk.journal.Journal.removeDataFiles(Journal.java:809)
	at org.apache.activemq.store.kahadb.MessageDatabase.checkpointUpdate(MessageDatabase.java:1751)
	at org.apache.activemq.store.kahadb.MessageDatabase.checkpointCleanup(MessageDatabase.java:1085)
	at org.apache.activemq.store.kahadb.MessageDatabase$CheckpointRunner.run(MessageDatabase.java:438)
	... 7 more
2019-07-27 13:50:11,760 [vice[localhost]] - INFO  BrokerService                  - Apache ActiveMQ 5.15.9 (localhost, ID:PC201812101620-50069-1564206607870-0:1) is shutting down
2019-07-27 13:50:11,770 [vice[localhost]] - INFO  PListStoreImpl                 - PListStore:[F:\work\private\activemq-parent-5.15.9\activemq-kahadb-store\target\activemq-data\localhost\tmp_storage] stopped
2019-07-27 13:50:11,770 [vice[localhost]] - INFO  KahaDBStore                    - Stopping async queue tasks
2019-07-27 13:50:11,770 [vice[localhost]] - INFO  KahaDBStore                    - Stopping async topic tasks
2019-07-27 13:50:11,770 [vice[localhost]] - INFO  KahaDBStore                    - Stopped KahaDB
2019-07-27 13:50:11,890 [vice[localhost]] - ERROR KahaDBStore                    - Could not stop service: KahaDB:[F:\work\private\activemq-parent-5.15.9\activemq-kahadb-store\target\activemq-data\localhost\KahaDB]. Reason: java.lang.SecurityException: No Perms to write to archive times:6
java.lang.SecurityException: No Perms to write to archive times:6
	at org.apache.activemq.store.kahadb.JournalArchiveTest$1.checkWrite(JournalArchiveTest.java:128)
	at java.io.File.renameTo(File.java:1389)
	at org.apache.activemq.util.IOHelper.moveFile(IOHelper.java:191)
	at org.apache.activemq.store.kahadb.disk.journal.DataFile.move(DataFile.java:107)
	at org.apache.activemq.store.kahadb.disk.journal.Journal.forceRemoveDataFile(Journal.java:830)
	at org.apache.activemq.store.kahadb.disk.journal.Journal.removeDataFiles(Journal.java:809)
	at org.apache.activemq.store.kahadb.MessageDatabase.checkpointUpdate(MessageDatabase.java:1751)
	at org.apache.activemq.store.kahadb.MessageDatabase.close(MessageDatabase.java:514)
	at org.apache.activemq.store.kahadb.MessageDatabase.unload(MessageDatabase.java:553)
	at org.apache.activemq.store.kahadb.MessageDatabase.doStop(MessageDatabase.java:311)
	at org.apache.activemq.store.kahadb.KahaDBStore.doStop(KahaDBStore.java:309)
	at org.apache.activemq.util.ServiceSupport.stop(ServiceSupport.java:71)
	at org.apache.activemq.store.kahadb.KahaDBPersistenceAdapter.doStop(KahaDBPersistenceAdapter.java:262)
	at org.apache.activemq.util.ServiceSupport.stop(ServiceSupport.java:71)
	at org.apache.activemq.util.ServiceStopper.stop(ServiceStopper.java:41)
	at org.apache.activemq.broker.BrokerService.stop(BrokerService.java:869)
	at org.apache.activemq.util.DefaultIOExceptionHandler$2.run(DefaultIOExceptionHandler.java:188)
2019-07-27 13:50:11,890 [vice[localhost]] - ERROR KahaDBPersistenceAdapter       - Could not stop service: KahaDBPersistenceAdapter[F:\work\private\activemq-parent-5.15.9\activemq-kahadb-store\target\activemq-data\localhost\KahaDB,Index:F:\work\private\activemq-parent-5.15.9\activemq-kahadb-store\target\activemq-data\localhost\KahaDB]. Reason: java.lang.SecurityException: No Perms to write to archive times:6
java.lang.SecurityException: No Perms to write to archive times:6
	at org.apache.activemq.store.kahadb.JournalArchiveTest$1.checkWrite(JournalArchiveTest.java:128)
	at java.io.File.renameTo(File.java:1389)
	at org.apache.activemq.util.IOHelper.moveFile(IOHelper.java:191)
	at org.apache.activemq.store.kahadb.disk.journal.DataFile.move(DataFile.java:107)
	at org.apache.activemq.store.kahadb.disk.journal.Journal.forceRemoveDataFile(Journal.java:830)
	at org.apache.activemq.store.kahadb.disk.journal.Journal.removeDataFiles(Journal.java:809)
	at org.apache.activemq.store.kahadb.MessageDatabase.checkpointUpdate(MessageDatabase.java:1751)
	at org.apache.activemq.store.kahadb.MessageDatabase.close(MessageDatabase.java:514)
	at org.apache.activemq.store.kahadb.MessageDatabase.unload(MessageDatabase.java:553)
	at org.apache.activemq.store.kahadb.MessageDatabase.doStop(MessageDatabase.java:311)
	at org.apache.activemq.store.kahadb.KahaDBStore.doStop(KahaDBStore.java:309)
	at org.apache.activemq.util.ServiceSupport.stop(ServiceSupport.java:71)
	at org.apache.activemq.store.kahadb.KahaDBPersistenceAdapter.doStop(KahaDBPersistenceAdapter.java:262)
	at org.apache.activemq.util.ServiceSupport.stop(ServiceSupport.java:71)
	at org.apache.activemq.util.ServiceStopper.stop(ServiceStopper.java:41)
	at org.apache.activemq.broker.BrokerService.stop(BrokerService.java:869)
	at org.apache.activemq.util.DefaultIOExceptionHandler$2.run(DefaultIOExceptionHandler.java:188)
2019-07-27 13:50:11,890 [vice[localhost]] - ERROR KahaDBPersistenceAdapter       - Could not stop service: KahaDBPersistenceAdapter[F:\work\private\activemq-parent-5.15.9\activemq-kahadb-store\target\activemq-data\localhost\KahaDB,Index:F:\work\private\activemq-parent-5.15.9\activemq-kahadb-store\target\activemq-data\localhost\KahaDB]. Reason: java.lang.SecurityException: No Perms to write to archive times:6
java.lang.SecurityException: No Perms to write to archive times:6
	at org.apache.activemq.store.kahadb.JournalArchiveTest$1.checkWrite(JournalArchiveTest.java:128)
	at java.io.File.renameTo(File.java:1389)
	at org.apache.activemq.util.IOHelper.moveFile(IOHelper.java:191)
	at org.apache.activemq.store.kahadb.disk.journal.DataFile.move(DataFile.java:107)
	at org.apache.activemq.store.kahadb.disk.journal.Journal.forceRemoveDataFile(Journal.java:830)
	at org.apache.activemq.store.kahadb.disk.journal.Journal.removeDataFiles(Journal.java:809)
	at org.apache.activemq.store.kahadb.MessageDatabase.checkpointUpdate(MessageDatabase.java:1751)
	at org.apache.activemq.store.kahadb.MessageDatabase.close(MessageDatabase.java:514)
	at org.apache.activemq.store.kahadb.MessageDatabase.unload(MessageDatabase.java:553)
	at org.apache.activemq.store.kahadb.MessageDatabase.doStop(MessageDatabase.java:311)
	at org.apache.activemq.store.kahadb.KahaDBStore.doStop(KahaDBStore.java:309)
	at org.apache.activemq.util.ServiceSupport.stop(ServiceSupport.java:71)
	at org.apache.activemq.store.kahadb.KahaDBPersistenceAdapter.doStop(KahaDBPersistenceAdapter.java:262)
	at org.apache.activemq.util.ServiceSupport.stop(ServiceSupport.java:71)
	at org.apache.activemq.util.ServiceStopper.stop(ServiceStopper.java:41)
	at org.apache.activemq.broker.BrokerService.stop(BrokerService.java:869)
	at org.apache.activemq.util.DefaultIOExceptionHandler$2.run(DefaultIOExceptionHandler.java:188)
2019-07-27 13:50:11,940 [vice[localhost]] - INFO  BrokerService                  - Apache ActiveMQ 5.15.9 (localhost, ID:PC201812101620-50069-1564206607870-0:1) uptime 5.334 seconds
2019-07-27 13:50:11,940 [vice[localhost]] - INFO  BrokerService                  - Apache ActiveMQ 5.15.9 (localhost, ID:PC201812101620-50069-1564206607870-0:1) is shutdown
2019-07-27 13:50:11,940 [vice[localhost]] - WARN  DefaultIOExceptionHandler      - Failure occurred while stopping broker
java.lang.SecurityException: No Perms to write to archive times:6
	at org.apache.activemq.store.kahadb.JournalArchiveTest$1.checkWrite(JournalArchiveTest.java:128)
	at java.io.File.renameTo(File.java:1389)
	at org.apache.activemq.util.IOHelper.moveFile(IOHelper.java:191)
	at org.apache.activemq.store.kahadb.disk.journal.DataFile.move(DataFile.java:107)
	at org.apache.activemq.store.kahadb.disk.journal.Journal.forceRemoveDataFile(Journal.java:830)
	at org.apache.activemq.store.kahadb.disk.journal.Journal.removeDataFiles(Journal.java:809)
	at org.apache.activemq.store.kahadb.MessageDatabase.checkpointUpdate(MessageDatabase.java:1751)
	at org.apache.activemq.store.kahadb.MessageDatabase.close(MessageDatabase.java:514)
	at org.apache.activemq.store.kahadb.MessageDatabase.unload(MessageDatabase.java:553)
	at org.apache.activemq.store.kahadb.MessageDatabase.doStop(MessageDatabase.java:311)
	at org.apache.activemq.store.kahadb.KahaDBStore.doStop(KahaDBStore.java:309)
	at org.apache.activemq.util.ServiceSupport.stop(ServiceSupport.java:71)
	at org.apache.activemq.store.kahadb.KahaDBPersistenceAdapter.doStop(KahaDBPersistenceAdapter.java:262)
	at org.apache.activemq.util.ServiceSupport.stop(ServiceSupport.java:71)
	at org.apache.activemq.util.ServiceStopper.stop(ServiceStopper.java:41)
	at org.apache.activemq.broker.BrokerService.stop(BrokerService.java:869)
	at org.apache.activemq.util.DefaultIOExceptionHandler$2.run(DefaultIOExceptionHandler.java:188)
2019-07-27 13:50:11,940 [main           ] - INFO  JournalArchiveTest             - Starting broker..
2019-07-27 13:50:11,950 [main           ] - INFO  BrokerService                  - Using Persistence Adapter: KahaDBPersistenceAdapter[F:\work\private\activemq-parent-5.15.9\activemq-kahadb-store\target\activemq-data\localhost\KahaDB]
2019-07-27 13:50:11,950 [JMX connector  ] - INFO  ManagementContext              - JMX consoles can connect to service:jmx:rmi:///jndi/rmi://localhost:1099/jmxrmi
2019-07-27 13:50:12,051 [e Page Recovery] - INFO  PageFile                       - Page File: target\activemq-data\localhost\KahaDB\db.data. Recovering pageFile free list due to prior unclean shutdown..
2019-07-27 13:50:12,051 [main           ] - INFO  MessageDatabase                - KahaDB is version 6
2019-07-27 13:50:12,051 [e Page Recovery] - INFO  PageFile                       - Page File: target\activemq-data\localhost\KahaDB\db.data. Recovered pageFile free list of size: 0
2019-07-27 13:50:12,071 [main           ] - INFO  PListStoreImpl                 - PListStore:[F:\work\private\activemq-parent-5.15.9\activemq-kahadb-store\target\activemq-data\localhost\tmp_storage] started
2019-07-27 13:50:12,071 [main           ] - INFO  BrokerService                  - Apache ActiveMQ 5.15.9 (localhost, ID:PC201812101620-50069-1564206607870-0:2) is starting
2019-07-27 13:50:12,081 [main           ] - INFO  BrokerService                  - Apache ActiveMQ 5.15.9 (localhost, ID:PC201812101620-50069-1564206607870-0:2) started
2019-07-27 13:50:12,081 [main           ] - INFO  BrokerService                  - For help or more information please see: http://activemq.apache.org
2019-07-27 13:50:12,101 [main           ] - INFO  JournalArchiveTest             - Num journal files before gc: 5
2019-07-27 13:50:12,211 [main           ] - ERROR JournalArchiveTest             - Failed to restart!
java.io.IOException: Failed to move target\activemq-data\localhost\KahaDB\db-6.log to F:\work\private\activemq-parent-5.15.9\activemq-kahadb-store\target\activemq-data\localhost\KahaDB\data-archive - target\activemq-data\localhost\KahaDB\db-6.log -> F:\work\private\activemq-parent-5.15.9\activemq-kahadb-store\target\activemq-data\localhost\KahaDB\data-archive\db-6.log: 另一个程序正在使用此文件，进程无法访问。

	at org.apache.activemq.util.IOHelper.moveFile(IOHelper.java:200)
	at org.apache.activemq.store.kahadb.disk.journal.DataFile.move(DataFile.java:107)
	at org.apache.activemq.store.kahadb.disk.journal.Journal.forceRemoveDataFile(Journal.java:830)
	at org.apache.activemq.store.kahadb.disk.journal.Journal.removeDataFiles(Journal.java:809)
	at org.apache.activemq.store.kahadb.MessageDatabase.checkpointUpdate(MessageDatabase.java:1751)
	at org.apache.activemq.store.kahadb.MessageDatabase.checkpointCleanup(MessageDatabase.java:1085)
	at org.apache.activemq.store.kahadb.KahaDBStore.checkpoint(KahaDBStore.java:1270)
	at org.apache.activemq.store.kahadb.JournalArchiveTest.testRecoveryOnArchiveFailure(JournalArchiveTest.java:164)
	at sun.reflect.NativeMethodAccessorImpl.invoke0(Native Method)
	at sun.reflect.NativeMethodAccessorImpl.invoke(NativeMethodAccessorImpl.java:62)
	at sun.reflect.DelegatingMethodAccessorImpl.invoke(DelegatingMethodAccessorImpl.java:43)
	at java.lang.reflect.Method.invoke(Method.java:498)
	at org.junit.runners.model.FrameworkMethod$1.runReflectiveCall(FrameworkMethod.java:50)
	at org.junit.internal.runners.model.ReflectiveCallable.run(ReflectiveCallable.java:12)
	at org.junit.runners.model.FrameworkMethod.invokeExplosively(FrameworkMethod.java:47)
	at org.junit.internal.runners.statements.InvokeMethod.evaluate(InvokeMethod.java:17)
	at org.junit.internal.runners.statements.RunAfters.evaluate(RunAfters.java:27)
	at org.junit.runners.ParentRunner.runLeaf(ParentRunner.java:325)
	at org.junit.runners.BlockJUnit4ClassRunner.runChild(BlockJUnit4ClassRunner.java:78)
	at org.junit.runners.BlockJUnit4ClassRunner.runChild(BlockJUnit4ClassRunner.java:57)
	at org.junit.runners.ParentRunner$3.run(ParentRunner.java:290)
	at org.junit.runners.ParentRunner$1.schedule(ParentRunner.java:71)
	at org.junit.runners.ParentRunner.runChildren(ParentRunner.java:288)
	at org.junit.runners.ParentRunner.access$000(ParentRunner.java:58)
	at org.junit.runners.ParentRunner$2.evaluate(ParentRunner.java:268)
	at org.junit.runners.ParentRunner.run(ParentRunner.java:363)
	at org.apache.maven.surefire.junit4.JUnit4Provider.execute(JUnit4Provider.java:264)
	at org.apache.maven.surefire.junit4.JUnit4Provider.executeTestSet(JUnit4Provider.java:153)
	at org.apache.maven.surefire.junit4.JUnit4Provider.invoke(JUnit4Provider.java:124)
	at org.apache.maven.surefire.booter.ForkedBooter.invokeProviderInSameClassLoader(ForkedBooter.java:200)
	at org.apache.maven.surefire.booter.ForkedBooter.runSuitesInProcess(ForkedBooter.java:153)
	at org.apache.maven.surefire.booter.ForkedBooter.main(ForkedBooter.java:103)
2019-07-27 13:50:12,211 [main           ] - INFO  BrokerService                  - Apache ActiveMQ 5.15.9 (localhost, ID:PC201812101620-50069-1564206607870-0:2) is shutting down
2019-07-27 13:50:12,221 [main           ] - INFO  PListStoreImpl                 - PListStore:[F:\work\private\activemq-parent-5.15.9\activemq-kahadb-store\target\activemq-data\localhost\tmp_storage] stopped
2019-07-27 13:50:12,221 [main           ] - INFO  KahaDBStore                    - Stopping async queue tasks
2019-07-27 13:50:12,221 [main           ] - INFO  KahaDBStore                    - Stopping async topic tasks
2019-07-27 13:50:12,221 [main           ] - INFO  KahaDBStore                    - Stopped KahaDB
2019-07-27 13:50:12,311 [main           ] - ERROR KahaDBStore                    - Could not stop service: KahaDB:[F:\work\private\activemq-parent-5.15.9\activemq-kahadb-store\target\activemq-data\localhost\KahaDB]. Reason: java.io.IOException: Failed to move target\activemq-data\localhost\KahaDB\db-7.log to F:\work\private\activemq-parent-5.15.9\activemq-kahadb-store\target\activemq-data\localhost\KahaDB\data-archive - target\activemq-data\localhost\KahaDB\db-7.log -> F:\work\private\activemq-parent-5.15.9\activemq-kahadb-store\target\activemq-data\localhost\KahaDB\data-archive\db-7.log: 另一个程序正在使用此文件，进程无法访问。

java.io.IOException: Failed to move target\activemq-data\localhost\KahaDB\db-7.log to F:\work\private\activemq-parent-5.15.9\activemq-kahadb-store\target\activemq-data\localhost\KahaDB\data-archive - target\activemq-data\localhost\KahaDB\db-7.log -> F:\work\private\activemq-parent-5.15.9\activemq-kahadb-store\target\activemq-data\localhost\KahaDB\data-archive\db-7.log: 另一个程序正在使用此文件，进程无法访问。

	at org.apache.activemq.util.IOHelper.moveFile(IOHelper.java:200)
	at org.apache.activemq.store.kahadb.disk.journal.DataFile.move(DataFile.java:107)
	at org.apache.activemq.store.kahadb.disk.journal.Journal.forceRemoveDataFile(Journal.java:830)
	at org.apache.activemq.store.kahadb.disk.journal.Journal.removeDataFiles(Journal.java:809)
	at org.apache.activemq.store.kahadb.MessageDatabase.checkpointUpdate(MessageDatabase.java:1751)
	at org.apache.activemq.store.kahadb.MessageDatabase.close(MessageDatabase.java:514)
	at org.apache.activemq.store.kahadb.MessageDatabase.unload(MessageDatabase.java:553)
	at org.apache.activemq.store.kahadb.MessageDatabase.doStop(MessageDatabase.java:311)
	at org.apache.activemq.store.kahadb.KahaDBStore.doStop(KahaDBStore.java:309)
	at org.apache.activemq.util.ServiceSupport.stop(ServiceSupport.java:71)
	at org.apache.activemq.store.kahadb.KahaDBPersistenceAdapter.doStop(KahaDBPersistenceAdapter.java:262)
	at org.apache.activemq.util.ServiceSupport.stop(ServiceSupport.java:71)
	at org.apache.activemq.util.ServiceStopper.stop(ServiceStopper.java:41)
	at org.apache.activemq.broker.BrokerService.stop(BrokerService.java:869)
	at org.apache.activemq.store.kahadb.JournalArchiveTest.tearDown(JournalArchiveTest.java:112)
	at sun.reflect.NativeMethodAccessorImpl.invoke0(Native Method)
	at sun.reflect.NativeMethodAccessorImpl.invoke(NativeMethodAccessorImpl.java:62)
	at sun.reflect.DelegatingMethodAccessorImpl.invoke(DelegatingMethodAccessorImpl.java:43)
	at java.lang.reflect.Method.invoke(Method.java:498)
	at org.junit.runners.model.FrameworkMethod$1.runReflectiveCall(FrameworkMethod.java:50)
	at org.junit.internal.runners.model.ReflectiveCallable.run(ReflectiveCallable.java:12)
	at org.junit.runners.model.FrameworkMethod.invokeExplosively(FrameworkMethod.java:47)
	at org.junit.internal.runners.statements.RunAfters.evaluate(RunAfters.java:33)
	at org.junit.runners.ParentRunner.runLeaf(ParentRunner.java:325)
	at org.junit.runners.BlockJUnit4ClassRunner.runChild(BlockJUnit4ClassRunner.java:78)
	at org.junit.runners.BlockJUnit4ClassRunner.runChild(BlockJUnit4ClassRunner.java:57)
	at org.junit.runners.ParentRunner$3.run(ParentRunner.java:290)
	at org.junit.runners.ParentRunner$1.schedule(ParentRunner.java:71)
	at org.junit.runners.ParentRunner.runChildren(ParentRunner.java:288)
	at org.junit.runners.ParentRunner.access$000(ParentRunner.java:58)
	at org.junit.runners.ParentRunner$2.evaluate(ParentRunner.java:268)
	at org.junit.runners.ParentRunner.run(ParentRunner.java:363)
	at org.apache.maven.surefire.junit4.JUnit4Provider.execute(JUnit4Provider.java:264)
	at org.apache.maven.surefire.junit4.JUnit4Provider.executeTestSet(JUnit4Provider.java:153)
	at org.apache.maven.surefire.junit4.JUnit4Provider.invoke(JUnit4Provider.java:124)
	at org.apache.maven.surefire.booter.ForkedBooter.invokeProviderInSameClassLoader(ForkedBooter.java:200)
	at org.apache.maven.surefire.booter.ForkedBooter.runSuitesInProcess(ForkedBooter.java:153)
	at org.apache.maven.surefire.booter.ForkedBooter.main(ForkedBooter.java:103)
2019-07-27 13:50:12,311 [main           ] - ERROR KahaDBPersistenceAdapter       - Could not stop service: KahaDBPersistenceAdapter[F:\work\private\activemq-parent-5.15.9\activemq-kahadb-store\target\activemq-data\localhost\KahaDB,Index:F:\work\private\activemq-parent-5.15.9\activemq-kahadb-store\target\activemq-data\localhost\KahaDB]. Reason: java.io.IOException: Failed to move target\activemq-data\localhost\KahaDB\db-7.log to F:\work\private\activemq-parent-5.15.9\activemq-kahadb-store\target\activemq-data\localhost\KahaDB\data-archive - target\activemq-data\localhost\KahaDB\db-7.log -> F:\work\private\activemq-parent-5.15.9\activemq-kahadb-store\target\activemq-data\localhost\KahaDB\data-archive\db-7.log: 另一个程序正在使用此文件，进程无法访问。

java.io.IOException: Failed to move target\activemq-data\localhost\KahaDB\db-7.log to F:\work\private\activemq-parent-5.15.9\activemq-kahadb-store\target\activemq-data\localhost\KahaDB\data-archive - target\activemq-data\localhost\KahaDB\db-7.log -> F:\work\private\activemq-parent-5.15.9\activemq-kahadb-store\target\activemq-data\localhost\KahaDB\data-archive\db-7.log: 另一个程序正在使用此文件，进程无法访问。

	at org.apache.activemq.util.IOHelper.moveFile(IOHelper.java:200)
	at org.apache.activemq.store.kahadb.disk.journal.DataFile.move(DataFile.java:107)
	at org.apache.activemq.store.kahadb.disk.journal.Journal.forceRemoveDataFile(Journal.java:830)
	at org.apache.activemq.store.kahadb.disk.journal.Journal.removeDataFiles(Journal.java:809)
	at org.apache.activemq.store.kahadb.MessageDatabase.checkpointUpdate(MessageDatabase.java:1751)
	at org.apache.activemq.store.kahadb.MessageDatabase.close(MessageDatabase.java:514)
	at org.apache.activemq.store.kahadb.MessageDatabase.unload(MessageDatabase.java:553)
	at org.apache.activemq.store.kahadb.MessageDatabase.doStop(MessageDatabase.java:311)
	at org.apache.activemq.store.kahadb.KahaDBStore.doStop(KahaDBStore.java:309)
	at org.apache.activemq.util.ServiceSupport.stop(ServiceSupport.java:71)
	at org.apache.activemq.store.kahadb.KahaDBPersistenceAdapter.doStop(KahaDBPersistenceAdapter.java:262)
	at org.apache.activemq.util.ServiceSupport.stop(ServiceSupport.java:71)
	at org.apache.activemq.util.ServiceStopper.stop(ServiceStopper.java:41)
	at org.apache.activemq.broker.BrokerService.stop(BrokerService.java:869)
	at org.apache.activemq.store.kahadb.JournalArchiveTest.tearDown(JournalArchiveTest.java:112)
	at sun.reflect.NativeMethodAccessorImpl.invoke0(Native Method)
	at sun.reflect.NativeMethodAccessorImpl.invoke(NativeMethodAccessorImpl.java:62)
	at sun.reflect.DelegatingMethodAccessorImpl.invoke(DelegatingMethodAccessorImpl.java:43)
	at java.lang.reflect.Method.invoke(Method.java:498)
	at org.junit.runners.model.FrameworkMethod$1.runReflectiveCall(FrameworkMethod.java:50)
	at org.junit.internal.runners.model.ReflectiveCallable.run(ReflectiveCallable.java:12)
	at org.junit.runners.model.FrameworkMethod.invokeExplosively(FrameworkMethod.java:47)
	at org.junit.internal.runners.statements.RunAfters.evaluate(RunAfters.java:33)
	at org.junit.runners.ParentRunner.runLeaf(ParentRunner.java:325)
	at org.junit.runners.BlockJUnit4ClassRunner.runChild(BlockJUnit4ClassRunner.java:78)
	at org.junit.runners.BlockJUnit4ClassRunner.runChild(BlockJUnit4ClassRunner.java:57)
	at org.junit.runners.ParentRunner$3.run(ParentRunner.java:290)
	at org.junit.runners.ParentRunner$1.schedule(ParentRunner.java:71)
	at org.junit.runners.ParentRunner.runChildren(ParentRunner.java:288)
	at org.junit.runners.ParentRunner.access$000(ParentRunner.java:58)
	at org.junit.runners.ParentRunner$2.evaluate(ParentRunner.java:268)
	at org.junit.runners.ParentRunner.run(ParentRunner.java:363)
	at org.apache.maven.surefire.junit4.JUnit4Provider.execute(JUnit4Provider.java:264)
	at org.apache.maven.surefire.junit4.JUnit4Provider.executeTestSet(JUnit4Provider.java:153)
	at org.apache.maven.surefire.junit4.JUnit4Provider.invoke(JUnit4Provider.java:124)
	at org.apache.maven.surefire.booter.ForkedBooter.invokeProviderInSameClassLoader(ForkedBooter.java:200)
	at org.apache.maven.surefire.booter.ForkedBooter.runSuitesInProcess(ForkedBooter.java:153)
	at org.apache.maven.surefire.booter.ForkedBooter.main(ForkedBooter.java:103)
2019-07-27 13:50:12,311 [main           ] - ERROR KahaDBPersistenceAdapter       - Could not stop service: KahaDBPersistenceAdapter[F:\work\private\activemq-parent-5.15.9\activemq-kahadb-store\target\activemq-data\localhost\KahaDB,Index:F:\work\private\activemq-parent-5.15.9\activemq-kahadb-store\target\activemq-data\localhost\KahaDB]. Reason: java.io.IOException: Failed to move target\activemq-data\localhost\KahaDB\db-7.log to F:\work\private\activemq-parent-5.15.9\activemq-kahadb-store\target\activemq-data\localhost\KahaDB\data-archive - target\activemq-data\localhost\KahaDB\db-7.log -> F:\work\private\activemq-parent-5.15.9\activemq-kahadb-store\target\activemq-data\localhost\KahaDB\data-archive\db-7.log: 另一个程序正在使用此文件，进程无法访问。

java.io.IOException: Failed to move target\activemq-data\localhost\KahaDB\db-7.log to F:\work\private\activemq-parent-5.15.9\activemq-kahadb-store\target\activemq-data\localhost\KahaDB\data-archive - target\activemq-data\localhost\KahaDB\db-7.log -> F:\work\private\activemq-parent-5.15.9\activemq-kahadb-store\target\activemq-data\localhost\KahaDB\data-archive\db-7.log: 另一个程序正在使用此文件，进程无法访问。

	at org.apache.activemq.util.IOHelper.moveFile(IOHelper.java:200)
	at org.apache.activemq.store.kahadb.disk.journal.DataFile.move(DataFile.java:107)
	at org.apache.activemq.store.kahadb.disk.journal.Journal.forceRemoveDataFile(Journal.java:830)
	at org.apache.activemq.store.kahadb.disk.journal.Journal.removeDataFiles(Journal.java:809)
	at org.apache.activemq.store.kahadb.MessageDatabase.checkpointUpdate(MessageDatabase.java:1751)
	at org.apache.activemq.store.kahadb.MessageDatabase.close(MessageDatabase.java:514)
	at org.apache.activemq.store.kahadb.MessageDatabase.unload(MessageDatabase.java:553)
	at org.apache.activemq.store.kahadb.MessageDatabase.doStop(MessageDatabase.java:311)
	at org.apache.activemq.store.kahadb.KahaDBStore.doStop(KahaDBStore.java:309)
	at org.apache.activemq.util.ServiceSupport.stop(ServiceSupport.java:71)
	at org.apache.activemq.store.kahadb.KahaDBPersistenceAdapter.doStop(KahaDBPersistenceAdapter.java:262)
	at org.apache.activemq.util.ServiceSupport.stop(ServiceSupport.java:71)
	at org.apache.activemq.util.ServiceStopper.stop(ServiceStopper.java:41)
	at org.apache.activemq.broker.BrokerService.stop(BrokerService.java:869)
	at org.apache.activemq.store.kahadb.JournalArchiveTest.tearDown(JournalArchiveTest.java:112)
	at sun.reflect.NativeMethodAccessorImpl.invoke0(Native Method)
	at sun.reflect.NativeMethodAccessorImpl.invoke(NativeMethodAccessorImpl.java:62)
	at sun.reflect.DelegatingMethodAccessorImpl.invoke(DelegatingMethodAccessorImpl.java:43)
	at java.lang.reflect.Method.invoke(Method.java:498)
	at org.junit.runners.model.FrameworkMethod$1.runReflectiveCall(FrameworkMethod.java:50)
	at org.junit.internal.runners.model.ReflectiveCallable.run(ReflectiveCallable.java:12)
	at org.junit.runners.model.FrameworkMethod.invokeExplosively(FrameworkMethod.java:47)
	at org.junit.internal.runners.statements.RunAfters.evaluate(RunAfters.java:33)
	at org.junit.runners.ParentRunner.runLeaf(ParentRunner.java:325)
	at org.junit.runners.BlockJUnit4ClassRunner.runChild(BlockJUnit4ClassRunner.java:78)
	at org.junit.runners.BlockJUnit4ClassRunner.runChild(BlockJUnit4ClassRunner.java:57)
	at org.junit.runners.ParentRunner$3.run(ParentRunner.java:290)
	at org.junit.runners.ParentRunner$1.schedule(ParentRunner.java:71)
	at org.junit.runners.ParentRunner.runChildren(ParentRunner.java:288)
	at org.junit.runners.ParentRunner.access$000(ParentRunner.java:58)
	at org.junit.runners.ParentRunner$2.evaluate(ParentRunner.java:268)
	at org.junit.runners.ParentRunner.run(ParentRunner.java:363)
	at org.apache.maven.surefire.junit4.JUnit4Provider.execute(JUnit4Provider.java:264)
	at org.apache.maven.surefire.junit4.JUnit4Provider.executeTestSet(JUnit4Provider.java:153)
	at org.apache.maven.surefire.junit4.JUnit4Provider.invoke(JUnit4Provider.java:124)
	at org.apache.maven.surefire.booter.ForkedBooter.invokeProviderInSameClassLoader(ForkedBooter.java:200)
	at org.apache.maven.surefire.booter.ForkedBooter.runSuitesInProcess(ForkedBooter.java:153)
	at org.apache.maven.surefire.booter.ForkedBooter.main(ForkedBooter.java:103)
2019-07-27 13:50:12,321 [main           ] - INFO  BrokerService                  - Apache ActiveMQ 5.15.9 (localhost, ID:PC201812101620-50069-1564206607870-0:2) uptime 0.381 seconds
2019-07-27 13:50:12,321 [main           ] - INFO  BrokerService                  - Apache ActiveMQ 5.15.9 (localhost, ID:PC201812101620-50069-1564206607870-0:2) is shutdown
]]></system-out>
  </testcase>
  <testcase name="testRecoveryOnArchiveFailure" classname="org.apache.activemq.store.kahadb.JournalArchiveTest" time="6.105">
    <error message="Failed to move target\activemq-data\localhost\KahaDB\db-7.log to F:\work\private\activemq-parent-5.15.9\activemq-kahadb-store\target\activemq-data\localhost\KahaDB\data-archive - target\activemq-data\localhost\KahaDB\db-7.log -&gt; F:\work\private\activemq-parent-5.15.9\activemq-kahadb-store\target\activemq-data\localhost\KahaDB\data-archive\db-7.log: 另一个程序正在使用此文件，进程无法访问。&#10;" type="java.io.IOException">java.io.IOException: Failed to move target\activemq-data\localhost\KahaDB\db-7.log to F:\work\private\activemq-parent-5.15.9\activemq-kahadb-store\target\activemq-data\localhost\KahaDB\data-archive - target\activemq-data\localhost\KahaDB\db-7.log -> F:\work\private\activemq-parent-5.15.9\activemq-kahadb-store\target\activemq-data\localhost\KahaDB\data-archive\db-7.log: 另一个程序正在使用此文件，进程无法访问。

	at org.apache.activemq.util.IOHelper.moveFile(IOHelper.java:200)
	at org.apache.activemq.store.kahadb.disk.journal.DataFile.move(DataFile.java:107)
	at org.apache.activemq.store.kahadb.disk.journal.Journal.forceRemoveDataFile(Journal.java:830)
	at org.apache.activemq.store.kahadb.disk.journal.Journal.removeDataFiles(Journal.java:809)
	at org.apache.activemq.store.kahadb.MessageDatabase.checkpointUpdate(MessageDatabase.java:1751)
	at org.apache.activemq.store.kahadb.MessageDatabase.close(MessageDatabase.java:514)
	at org.apache.activemq.store.kahadb.MessageDatabase.unload(MessageDatabase.java:553)
	at org.apache.activemq.store.kahadb.MessageDatabase.doStop(MessageDatabase.java:311)
	at org.apache.activemq.store.kahadb.KahaDBStore.doStop(KahaDBStore.java:309)
	at org.apache.activemq.util.ServiceSupport.stop(ServiceSupport.java:71)
	at org.apache.activemq.store.kahadb.KahaDBPersistenceAdapter.doStop(KahaDBPersistenceAdapter.java:262)
	at org.apache.activemq.util.ServiceSupport.stop(ServiceSupport.java:71)
	at org.apache.activemq.util.ServiceStopper.stop(ServiceStopper.java:41)
	at org.apache.activemq.broker.BrokerService.stop(BrokerService.java:869)
	at org.apache.activemq.store.kahadb.JournalArchiveTest.tearDown(JournalArchiveTest.java:112)
</error>
  </testcase>
</testsuite>